<?xml version="1.0" encoding="UTF-8"?>
<testng-results ignored="0" total="1" passed="1" failed="0" skipped="0">
  <reporter-output>
  </reporter-output>
  <suite started-at="2018-08-30T12:25:13Z" name="Default suite" finished-at="2018-08-30T12:25:32Z" duration-ms="18394">
    <groups>
    </groups>
    <test started-at="2018-08-30T12:25:13Z" name="Default test" finished-at="2018-08-30T12:25:32Z" duration-ms="18394">
      <class name="Part3.ABCProperties">
        <test-method signature="Login()[pri:0, instance:Part3.ABCProperties@4988d8b8]" started-at="2018-08-30T12:25:13Z" name="Login" finished-at="2018-08-30T12:25:32Z" duration-ms="18332" status="PASS">
          <reporter-output>
          </reporter-output>
        </test-method> <!-- Login -->
      </class> <!-- Part3.ABCProperties -->
    </test> <!-- Default test -->
  </suite> <!-- Default suite -->
</testng-results>
