<?xml version="1.0" encoding="UTF-8"?>
<!-- Generated by org.testng.reporters.JUnitXMLReporter -->
<testsuite ignored="6" hostname="KIRMAD" failures="0" tests="3" name="Test" time="0.133" errors="0" timestamp="27 Aug 2018 13:27:47 GMT">
  <testcase classname="Part4_TestNG.hello" name="demo1" time="0.02"/>
  <testcase classname="Part4_TestNG.class2" name="demo1" time="0.007"/>
  <testcase classname="Part4_TestNG.class3" name="demo1" time="0.004"/>
  <testcase classname="Part4_TestNG.class2" name="demo2" time="0.0">
    <ignored/>
  </testcase> <!-- demo2 -->
  <testcase classname="Part4_TestNG.class3" name="demo3" time="0.0">
    <ignored/>
  </testcase> <!-- demo3 -->
  <testcase classname="Part4_TestNG.class2" name="demo3" time="0.0">
    <ignored/>
  </testcase> <!-- demo3 -->
  <testcase classname="Part4_TestNG.class3" name="demo2" time="0.0">
    <ignored/>
  </testcase> <!-- demo2 -->
  <testcase classname="Part4_TestNG.hello" name="demo2" time="0.0">
    <ignored/>
  </testcase> <!-- demo2 -->
  <testcase classname="Part4_TestNG.hello" name="demo3" time="0.0">
    <ignored/>
  </testcase> <!-- demo3 -->
</testsuite> <!-- Test -->
