<?xml version="1.0" encoding="UTF-8"?>
<!-- Generated by org.testng.reporters.JUnitXMLReporter -->
<testsuite ignored="0" hostname="KIRMAD" failures="0" tests="8" name="Test" time="0.147" errors="0" timestamp="28 Aug 2018 11:56:28 GMT">
  <testcase classname="Part4_TestNG.hello" name="demo1" time="0.016"/>
  <testcase classname="Part4_TestNG.hello" name="demo2" time="0.012"/>
  <testcase classname="Part4_TestNG.hello" name="demo3" time="0.002"/>
  <testcase classname="Part4_TestNG.class3" name="demo3" time="0.002"/>
  <testcase classname="Part4_TestNG.class3" name="demo3" time="0.002"/>
  <testcase classname="Part4_TestNG.class3" name="demo3" time="0.006"/>
  <testcase classname="Part4_TestNG.class3" name="demo1" time="0.002"/>
  <testcase classname="Part4_TestNG.class3" name="demo2" time="0.002"/>
</testsuite> <!-- Test -->
