<?xml version="1.0" encoding="UTF-8"?>
<!-- Generated by org.testng.reporters.JUnitXMLReporter -->
<testsuite ignored="3" hostname="KIRMAD" failures="0" tests="1" name="Test1" time="0.008" errors="0" timestamp="27 Aug 2018 13:14:23 GMT">
  <testcase classname="Part4_TestNG.class2" name="demo1" time="0.002"/>
  <testcase classname="Part4_TestNG.class2" name="demo2" time="0.0">
    <ignored/>
  </testcase> <!-- demo2 -->
  <testcase classname="Part4_TestNG.class2" name="demo3" time="0.0">
    <ignored/>
  </testcase> <!-- demo3 -->
  <testcase classname="Part3.table" name="AlongMain" time="0.0">
    <ignored/>
  </testcase> <!-- AlongMain -->
</testsuite> <!-- Test1 -->
